<?xml version="1.0" encoding="UTF-8"?>
<testsuites name="Mocha Tests" time="7.0580" tests="1" failures="1">
  <testsuite name="Root Suite" timestamp="2022-07-18T12:08:29" tests="0" time="0.0000" failures="0">
  </testsuite>
  <testsuite name="Smoke tests @smoke-tests @cross-browser " timestamp="2022-07-18T12:08:29" tests="1" file="/Users/m_2049789/Desktop/Projects/htmcts/fis-ds-update-web/src/test/e2e/tests/smoke_test.js" time="7.0560" failures="1">
    <testcase name="Smoke tests @smoke-tests @cross-browser  Sign in as citizen and create a case" time="0.3260" classname="Sign in as citizen and create a case">
      <failure message="net::ERR_NAME_NOT_RESOLVED at https://fis-ds-update-web-staging.service.core-compute-aat.internal" type="Error"><![CDATA[Error: net::ERR_NAME_NOT_RESOLVED at https://fis-ds-update-web-staging.service.core-compute-aat.internal
    at navigate (node_modules/puppeteer/lib/cjs/puppeteer/common/FrameManager.js:115:23)
    at processTicksAndRejections (node:internal/process/task_queues:96:5)
    at async FrameManager.navigateFrame (node_modules/puppeteer/lib/cjs/puppeteer/common/FrameManager.js:90:21)
    at async Frame.goto (node_modules/puppeteer/lib/cjs/puppeteer/common/FrameManager.js:416:16)
    at async Page.goto (node_modules/puppeteer/lib/cjs/puppeteer/common/Page.js:819:16)
    at async Puppeteer.amOnPage (node_modules/codeceptjs/lib/helper/Puppeteer.js:630:5)
    at async Object.seeTheLandingPage (src/test/e2e/pages/LandingPage.js:10:5)
    at async Test.<anonymous> (src/test/e2e/tests/smoke_test.js:7:3)]]></failure>
    </testcase>
  </testsuite>
</testsuites>