<?xml version="1.0" encoding="UTF-8"?>
<coverage generated="1657831824340" clover="3.2.0">
  <project timestamp="1657831824340" name="All files">
    <metrics statements="3" coveredstatements="3" conditionals="0" coveredconditionals="0" methods="2" coveredmethods="2" elements="5" coveredelements="5" complexity="0" loc="3" ncloc="3" packages="1" files="1" classes="1"/>
    <file name="index.ts" path="/Users/m_2049789/Desktop/Projects/htmcts/fis-ds-update-web/src/main/utils/httpStatus/index.ts">
      <metrics statements="3" coveredstatements="3" conditionals="0" coveredconditionals="0" methods="2" coveredmethods="2"/>
      <line num="9" count="1" type="stmt"/>
      <line num="10" count="1" type="stmt"/>
      <line num="78" count="1" type="stmt"/>
    </file>
  </project>
</coverage>
