{"/Users/m_2049789/Desktop/Projects/htmcts/fis-ds-update-web/src/main/utils/httpStatus/index.ts": {"path":"/Users/m_2049789/Desktop/Projects/htmcts/fis-ds-update-web/src/main/utils/httpStatus/index.ts","statementMap":{"0":{"start":{"line":9,"column":9},"end":{"line":75,"column":4}},"1":{"start":{"line":10,"column":4},"end":{"line":74,"column":6}},"2":{"start":{"line":78,"column":0},"end":{"line":78,"column":32}}},"fnMap":{"0":{"name":"(anonymous_0)","decl":{"start":{"line":7,"column":0},"end":{"line":7,"column":6}},"loc":{"start":{"line":7,"column":0},"end":{"line":76,"column":1}}},"1":{"name":"(anonymous_1)","decl":{"start":{"line":9,"column":16},"end":{"line":9,"column":null}},"loc":{"start":{"line":9,"column":16},"end":{"line":75,"column":3}}}},"branchMap":{},"s":{"0":1,"1":1,"2":1},"f":{"0":1,"1":1},"b":{}}
}
